<?xml version="1.0" encoding="UTF-8"?>
<testsuite xmlns:xsi="http://www.w3.org/2001/XMLSchema-instance" xsi:noNamespaceSchemaLocation="https://maven.apache.org/surefire/maven-surefire-plugin/xsd/surefire-test-report.xsd" name="org.james.EmpleadoTest" time="0.287" tests="1" errors="0" skipped="0" failures="0">
  <properties>
    <property name="sun.desktop" value="windows"/>
    <property name="awt.toolkit" value="sun.awt.windows.WToolkit"/>
    <property name="java.specification.version" value="11"/>
    <property name="sun.cpu.isalist" value="amd64"/>
    <property name="sun.jnu.encoding" value="Cp1252"/>
    <property name="java.class.path" value="D:\Usuario\Bibliotecas\Escritorio\CLASES V AÑO\II SEMESTRE\II parcial\Ingenieria en calidad de software\ejercicioEnClase\Salario\target\test-classes;D:\Usuario\Bibliotecas\Escritorio\CLASES V AÑO\II SEMESTRE\II parcial\Ingenieria en calidad de software\ejercicioEnClase\Salario\target\classes;C:\Users\JAMES\.m2\repository\junit\junit\4.11\junit-4.11.jar;C:\Users\JAMES\.m2\repository\org\hamcrest\hamcrest-core\1.3\hamcrest-core-1.3.jar;"/>
    <property name="java.vm.vendor" value="Oracle Corporation"/>
    <property name="sun.arch.data.model" value="64"/>
    <property name="user.variant" value=""/>
    <property name="java.vendor.url" value="https://openjdk.java.net/"/>
    <property name="user.timezone" value="America/Regina"/>
    <property name="java.vm.specification.version" value="11"/>
    <property name="os.name" value="Windows 10"/>
    <property name="sun.java.launcher" value="SUN_STANDARD"/>
    <property name="user.country" value="ES"/>
    <property name="sun.boot.library.path" value="C:\Program Files\Java\jdk-11.0.12\bin"/>
    <property name="sun.java.command" value="C:\Users\JAMES\AppData\Local\Temp\surefire227606915635193312\surefirebooter1607811831835347824.jar C:\Users\JAMES\AppData\Local\Temp\surefire227606915635193312 2021-11-18T15-23-28_821-jvmRun1 surefire3001076504237581284tmp surefire_05076826162574146176tmp"/>
    <property name="jdk.debug" value="release"/>
    <property name="test" value="EmpleadoTest#quenota1"/>
    <property name="surefire.test.class.path" value="D:\Usuario\Bibliotecas\Escritorio\CLASES V AÑO\II SEMESTRE\II parcial\Ingenieria en calidad de software\ejercicioEnClase\Salario\target\test-classes;D:\Usuario\Bibliotecas\Escritorio\CLASES V AÑO\II SEMESTRE\II parcial\Ingenieria en calidad de software\ejercicioEnClase\Salario\target\classes;C:\Users\JAMES\.m2\repository\junit\junit\4.11\junit-4.11.jar;C:\Users\JAMES\.m2\repository\org\hamcrest\hamcrest-core\1.3\hamcrest-core-1.3.jar;"/>
    <property name="sun.cpu.endian" value="little"/>
    <property name="user.home" value="C:\Users\JAMES"/>
    <property name="user.language" value="es"/>
    <property name="java.specification.vendor" value="Oracle Corporation"/>
    <property name="java.version.date" value="2021-07-20"/>
    <property name="java.home" value="C:\Program Files\Java\jdk-11.0.12"/>
    <property name="file.separator" value="\"/>
    <property name="basedir" value="D:\Usuario\Bibliotecas\Escritorio\CLASES V AÑO\II SEMESTRE\II parcial\Ingenieria en calidad de software\ejercicioEnClase\Salario"/>
    <property name="java.vm.compressedOopsMode" value="32-bit"/>
    <property name="line.separator" value="&#10;"/>
    <property name="java.specification.name" value="Java Platform API Specification"/>
    <property name="java.vm.specification.vendor" value="Oracle Corporation"/>
    <property name="java.awt.graphicsenv" value="sun.awt.Win32GraphicsEnvironment"/>
    <property name="surefire.real.class.path" value="C:\Users\JAMES\AppData\Local\Temp\surefire227606915635193312\surefirebooter1607811831835347824.jar"/>
    <property name="user.script" value=""/>
    <property name="sun.management.compiler" value="HotSpot 64-Bit Tiered Compilers"/>
    <property name="java.runtime.version" value="11.0.12+8-LTS-237"/>
    <property name="user.name" value="JAMES"/>
    <property name="path.separator" value=";"/>
    <property name="os.version" value="10.0"/>
    <property name="java.runtime.name" value="Java(TM) SE Runtime Environment"/>
    <property name="file.encoding" value="Cp1252"/>
    <property name="java.vm.name" value="Java HotSpot(TM) 64-Bit Server VM"/>
    <property name="java.vendor.version" value="18.9"/>
    <property name="localRepository" value="C:\Users\JAMES\.m2\repository"/>
    <property name="java.vendor.url.bug" value="https://bugreport.java.com/bugreport/"/>
    <property name="java.io.tmpdir" value="C:\Users\JAMES\AppData\Local\Temp\"/>
    <property name="java.version" value="11.0.12"/>
    <property name="user.dir" value="D:\Usuario\Bibliotecas\Escritorio\CLASES V AÑO\II SEMESTRE\II parcial\Ingenieria en calidad de software\ejercicioEnClase\Salario"/>
    <property name="os.arch" value="amd64"/>
    <property name="java.vm.specification.name" value="Java Virtual Machine Specification"/>
    <property name="java.awt.printerjob" value="sun.awt.windows.WPrinterJob"/>
    <property name="sun.os.patch.level" value=""/>
    <property name="java.library.path" value="C:\Program Files\Java\jdk-11.0.12\bin;C:\WINDOWS\Sun\Java\bin;C:\WINDOWS\system32;C:\WINDOWS;C:\Program Files\Common Files\Oracle\Java\javapath;C:\Program Files (x86)\Microsoft SDKs\Azure\CLI2\wbin;C:\WINDOWS\system32;C:\WINDOWS;C:\WINDOWS\System32\Wbem;C:\WINDOWS\System32\WindowsPowerShell\v1.0\;C:\WINDOWS\System32\OpenSSH\;C:\Program Files (x86)\Microsoft SQL Server\120\DTS\Binn\;C:\Program Files (x86)\Microsoft SQL Server\Client SDK\ODBC\110\Tools\Binn\;C:\Program Files (x86)\Microsoft SQL Server\120\Tools\Binn\;C:\Program Files (x86)\Microsoft SQL Server\120\Tools\Binn\ManagementStudio\;C:\Program Files\MySQL\MySQL Utilities 1.6\;C:\WINDOWS\system32\config\systemprofile\.dnx\bin;C:\Program Files\Microsoft DNX\Dnvm\;C:\Program Files\Microsoft SQL Server\120\Tools\Binn\;C:\Program Files\Microsoft SQL Server\130\Tools\Binn\;C:\Program Files\Git\cmd;C:\Program Files\Java\jdk1.8.0_201\bin;C:\Desarrollo\kotlinc\bin;C:\Program Files\nodejs\;C:\Users\JAMES\AppData\Local\Android\Sdk\emulator;C:\Users\JAMES\AppData\Local\Android\Sdk\tools;C:\Users\JAMES\AppData\Local\Android\Sdk\tools\bin;C:\Users\JAMES\AppData\Local\Android\Sdk\platform-tools;C:\xampp\php;C:\composer;C:\xampp\mysql\bin;C:\Program Files\Oracle\VirtualBox;C:\Program Files\dotnet\;C:\Users\JAMES\AppData\Local\Programs\Python\Python38-32;C:\Users\JAMES\.azure-kubectl;C:\Users\JAMES\.azure-kubelogin;C:\Program Files\MySQL\MySQL Server 5.7\bin;C:\Program Files (x86)\Google\Cloud SDK\google-cloud-sdk\bin;C:\Maven\apache-maven-3.8.3\bin;C:\Users\JAMES\AppData\Local\Programs\Python\Python38\Scripts\;C:\Users\JAMES\AppData\Local\Programs\Python\Python38\;C:\Users\JAMES\AppData\Local\Microsoft\WindowsApps;C:\Users\JAMES\AppData\Local\Programs\Microsoft VS Code\bin;C:\OpenSSL-Win32\bin;C:\Users\JAMES\AppData\Roaming\npm;C:\Users\JAMES\AppData\Roaming\Composer\vendor\bin;C:\Users\JAMES\.dotnet\tools;C:\Program Files\heroku\bin;C:\Program Files\JetBrains\IntelliJ IDEA 2021.1.3\bin;;."/>
    <property name="java.vendor" value="Oracle Corporation"/>
    <property name="java.vm.info" value="mixed mode"/>
    <property name="java.vm.version" value="11.0.12+8-LTS-237"/>
    <property name="sun.io.unicode.encoding" value="UnicodeLittle"/>
    <property name="java.class.version" value="55.0"/>
  </properties>
  <testcase name="quenota1" classname="org.james.EmpleadoTest" time="0.021"/>
</testsuite>